<?xml version="1.0" encoding="utf-8"?><testsuites><testsuite errors="3" failures="0" hostname="LAPTOP-F3U3PBBP" name="pytest" skipped="0" tests="3" time="6.728" timestamp="2019-11-03T14:28:30.627871"><testcase classname="" file="Python test testing/py_test.py" name="Python test testing.py_test" time="0.000"><error message="collection failure">Python test testing\py_test.py:13: in &lt;module&gt;
    decimal_type = cerberus.TypeDefinition(&apos;decimal&apos;, (Decimal,), ())
E   NameError: name &apos;Decimal&apos; is not defined</error></testcase><testcase classname="" file="tests/py_test.py" name="tests.py_test" time="0.000"><error message="collection failure">tests\py_test.py:13: in &lt;module&gt;
    decimal_type = cerberus.TypeDefinition(&apos;decimal&apos;, (Decimal,), ())
E   NameError: name &apos;Decimal&apos; is not defined</error></testcase><testcase classname="" file="tests/run_test.py" name="tests.run_test" time="0.000"><error message="collection failure">import file mismatch:
imported module &apos;run_test&apos; has this __file__ attribute:
  D:\documenten\cloud\AppNizi\Python-tests\Python test testing\run_test.py
which is not the same as the test file we want to collect:
  D:\documenten\cloud\AppNizi\Python-tests\tests\run_test.py
HINT: remove __pycache__ / .pyc files and/or use a unique basename for your test file modules</error></testcase></testsuite></testsuites>